2025-04-22 21:01:34 [AWT-EventQueue-0] INFO  battaglia.tpsit.RPSAdvanced - Avvio del server...
2025-04-22 21:01:35 [Thread-0] INFO  battaglia.tpsit.server.Server - Server avviato sulla porta 12345
2025-04-22 21:01:43 [AWT-EventQueue-0] INFO  battaglia.tpsit.RPSAdvanced - Avvio del client...
2025-04-22 21:01:45 [AWT-EventQueue-0] INFO  battaglia.tpsit.RPSAdvanced - Avvio del client...
2025-04-22 21:02:03 [AWT-EventQueue-0] INFO  battaglia.tpsit.RPSAdvanced - Avvio del server...
2025-04-22 21:02:03 [Thread-0] INFO  battaglia.tpsit.server.Server - Server avviato sulla porta 12345
2025-04-22 21:02:11 [AWT-EventQueue-0] INFO  battaglia.tpsit.RPSAdvanced - Avvio del client...
2025-04-22 21:11:25 [AWT-EventQueue-0] INFO  battaglia.tpsit.RPSAdvanced - Avvio del client...
2025-04-22 21:11:32 [AWT-EventQueue-0] INFO  battaglia.tpsit.RPSAdvanced - Avvio del client...
2025-04-22 21:11:37 [AWT-EventQueue-0] INFO  battaglia.tpsit.RPSAdvanced - Avvio del server...
2025-04-22 21:11:38 [Thread-0] INFO  battaglia.tpsit.server.Server - Server avviato sulla porta 12345
2025-04-22 21:11:47 [Thread-0] INFO  battaglia.tpsit.server.Server - Nuova connessione da /127.0.0.1
2025-04-22 21:11:47 [AWT-EventQueue-0] INFO  battaglia.tpsit.client.Client - Client avviato e connesso al server
2025-04-22 21:11:47 [pool-1-thread-1] INFO  b.tpsit.server.ServerClientHandler - Richiesta di connessione da: 1
2025-04-22 21:11:47 [pool-1-thread-1] INFO  battaglia.tpsit.server.Server - Client registrato: 1
2025-04-22 21:11:48 [Thread-0] INFO  battaglia.tpsit.client.Client - In attesa di un avversario...
2025-04-22 21:11:50 [Thread-0] INFO  battaglia.tpsit.server.Server - Nuova connessione da /127.0.0.1
2025-04-22 21:11:50 [AWT-EventQueue-0] INFO  battaglia.tpsit.client.Client - Client avviato e connesso al server
2025-04-22 21:11:50 [pool-1-thread-2] INFO  b.tpsit.server.ServerClientHandler - Richiesta di connessione da: 2
2025-04-22 21:11:50 [pool-1-thread-2] INFO  battaglia.tpsit.server.Server - Client registrato: 2
2025-04-22 21:11:50 [Thread-0] INFO  battaglia.tpsit.client.Client - Partita iniziata contro 2
2025-04-22 21:11:50 [pool-1-thread-2] INFO  battaglia.tpsit.server.Server - Nuova sessione di gioco avviata: 1 vs 2
2025-04-22 21:11:50 [Thread-0] INFO  battaglia.tpsit.client.Client - Partita iniziata contro 1
2025-04-22 21:11:50 [Thread-0] INFO  battaglia.tpsit.client.Client - In attesa di un avversario...
2025-04-22 21:11:51 [AWT-EventQueue-0] INFO  battaglia.tpsit.client.Client - Mossa inviata: Sasso
2025-04-22 21:11:51 [pool-1-thread-1] INFO  battaglia.tpsit.server.GameSession - Giocatore 1 ha scelto Sasso
2025-04-22 21:11:52 [AWT-EventQueue-0] INFO  battaglia.tpsit.client.Client - Mossa inviata: Carta
2025-04-22 21:11:52 [pool-1-thread-2] INFO  battaglia.tpsit.server.GameSession - Giocatore 2 ha scelto Carta
2025-04-22 21:11:52 [Thread-0] INFO  battaglia.tpsit.client.Client - Risultato ricevuto: La Carta copre la Roccia
2025-04-22 21:11:52 [Thread-0] INFO  battaglia.tpsit.client.Client - Risultato ricevuto: La Carta copre la Roccia
2025-04-22 21:11:54 [pool-1-thread-1] INFO  b.tpsit.server.ServerClientHandler - Giocatore 1 ha cliccato Gioca Ancora
2025-04-22 21:11:55 [pool-1-thread-2] INFO  b.tpsit.server.ServerClientHandler - Giocatore 2 ha cliccato Gioca Ancora
2025-04-22 21:11:55 [pool-1-thread-2] INFO  battaglia.tpsit.server.GameSession - Entrambi i giocatori pronti per una nuova manche
2025-04-22 21:11:55 [Thread-0] INFO  battaglia.tpsit.client.Client - Partita iniziata contro 2
2025-04-22 21:11:55 [Thread-0] INFO  battaglia.tpsit.client.Client - Partita iniziata contro 1
2025-04-22 21:11:56 [AWT-EventQueue-0] INFO  battaglia.tpsit.client.Client - Mossa inviata: Spock
2025-04-22 21:11:56 [pool-1-thread-1] INFO  battaglia.tpsit.server.GameSession - Giocatore 1 ha scelto Spock
2025-04-22 21:11:57 [AWT-EventQueue-0] INFO  battaglia.tpsit.client.Client - Mossa inviata: Spock
2025-04-22 21:11:57 [pool-1-thread-2] INFO  battaglia.tpsit.server.GameSession - Giocatore 2 ha scelto Spock
2025-04-22 21:11:57 [Thread-0] INFO  battaglia.tpsit.client.Client - Risultato ricevuto: Draw - Both players chose Spock
2025-04-22 21:11:57 [Thread-0] INFO  battaglia.tpsit.client.Client - Risultato ricevuto: Draw - Both players chose Spock
2025-04-22 21:12:00 [pool-1-thread-1] INFO  b.tpsit.server.ServerClientHandler - Giocatore 1 ha cliccato Gioca Ancora
2025-04-22 21:12:01 [pool-1-thread-2] INFO  b.tpsit.server.ServerClientHandler - Giocatore 2 ha cliccato Gioca Ancora
2025-04-22 21:12:01 [pool-1-thread-2] INFO  battaglia.tpsit.server.GameSession - Entrambi i giocatori pronti per una nuova manche
2025-04-22 21:12:01 [Thread-0] INFO  battaglia.tpsit.client.Client - Partita iniziata contro 2
2025-04-22 21:12:01 [Thread-0] INFO  battaglia.tpsit.client.Client - Partita iniziata contro 1
2025-04-22 21:12:02 [AWT-EventQueue-0] INFO  battaglia.tpsit.client.Client - Mossa inviata: Carta
2025-04-22 21:12:02 [pool-1-thread-1] INFO  battaglia.tpsit.server.GameSession - Giocatore 1 ha scelto Carta
2025-04-22 21:12:03 [AWT-EventQueue-0] INFO  battaglia.tpsit.client.Client - Mossa inviata: Lucertola
2025-04-22 21:12:03 [pool-1-thread-2] INFO  battaglia.tpsit.server.GameSession - Giocatore 2 ha scelto Lucertola
2025-04-22 21:12:03 [Thread-0] INFO  battaglia.tpsit.client.Client - Risultato ricevuto: La Lucertola mangia la Carta
2025-04-22 21:12:03 [Thread-0] INFO  battaglia.tpsit.client.Client - Risultato ricevuto: La Lucertola mangia la Carta
2025-04-22 21:12:06 [pool-1-thread-2] INFO  b.tpsit.server.ServerClientHandler - Giocatore 2 ha cliccato Gioca Ancora
2025-04-22 21:12:08 [pool-1-thread-1] INFO  b.tpsit.server.ServerClientHandler - Giocatore 1 ha cliccato Gioca Ancora
2025-04-22 21:12:08 [pool-1-thread-1] INFO  battaglia.tpsit.server.GameSession - Entrambi i giocatori pronti per una nuova manche
2025-04-22 21:12:08 [Thread-0] INFO  battaglia.tpsit.client.Client - Partita iniziata contro 2
2025-04-22 21:12:08 [Thread-0] INFO  battaglia.tpsit.client.Client - Partita iniziata contro 1
2025-04-22 21:12:09 [AWT-EventQueue-0] INFO  battaglia.tpsit.server.Server - Server arrestato
2025-04-22 21:12:09 [Thread-0] INFO  battaglia.tpsit.server.Server - Server arrestato
2025-04-22 21:12:11 [AWT-EventQueue-0] INFO  battaglia.tpsit.client.Client - Mossa inviata: Spock
2025-04-22 21:12:11 [pool-1-thread-2] INFO  battaglia.tpsit.server.GameSession - Giocatore 2 ha scelto Spock
2025-04-22 21:12:12 [AWT-EventQueue-0] INFO  battaglia.tpsit.client.Client - Mossa inviata: Carta
2025-04-22 21:12:12 [pool-1-thread-1] INFO  battaglia.tpsit.server.GameSession - Giocatore 1 ha scelto Carta
2025-04-22 21:12:12 [Thread-0] INFO  battaglia.tpsit.client.Client - Risultato ricevuto: La Carta smentisce Spock
2025-04-22 21:12:12 [Thread-0] INFO  battaglia.tpsit.client.Client - Risultato ricevuto: La Carta smentisce Spock
2025-04-22 21:12:13 [pool-1-thread-1] INFO  b.tpsit.server.ServerClientHandler - Giocatore 1 ha cliccato Gioca Ancora
2025-04-22 21:12:14 [pool-1-thread-2] INFO  b.tpsit.server.ServerClientHandler - Giocatore 2 ha cliccato Gioca Ancora
2025-04-22 21:12:14 [pool-1-thread-2] INFO  battaglia.tpsit.server.GameSession - Entrambi i giocatori pronti per una nuova manche
2025-04-22 21:12:14 [Thread-0] INFO  battaglia.tpsit.client.Client - Partita iniziata contro 2
2025-04-22 21:12:14 [Thread-0] INFO  battaglia.tpsit.client.Client - Partita iniziata contro 1
2025-04-22 21:12:15 [AWT-EventQueue-0] INFO  battaglia.tpsit.client.Client - Mossa inviata: Carta
2025-04-22 21:12:15 [pool-1-thread-1] INFO  battaglia.tpsit.server.GameSession - Giocatore 1 ha scelto Carta
2025-04-22 21:12:16 [AWT-EventQueue-0] INFO  battaglia.tpsit.client.Client - Mossa inviata: Carta
2025-04-22 21:12:16 [pool-1-thread-2] INFO  battaglia.tpsit.server.GameSession - Giocatore 2 ha scelto Carta
2025-04-22 21:12:16 [Thread-0] INFO  battaglia.tpsit.client.Client - Risultato ricevuto: Draw - Both players chose Carta
2025-04-22 21:12:16 [Thread-0] INFO  battaglia.tpsit.client.Client - Risultato ricevuto: Draw - Both players chose Carta
2025-04-22 21:12:17 [pool-1-thread-1] INFO  b.tpsit.server.ServerClientHandler - Giocatore 1 ha cliccato Gioca Ancora
2025-04-22 21:12:18 [pool-1-thread-2] INFO  b.tpsit.server.ServerClientHandler - Giocatore 2 ha cliccato Gioca Ancora
2025-04-22 21:12:18 [pool-1-thread-2] INFO  battaglia.tpsit.server.GameSession - Entrambi i giocatori pronti per una nuova manche
2025-04-22 21:12:18 [Thread-0] INFO  battaglia.tpsit.client.Client - Partita iniziata contro 2
2025-04-22 21:12:18 [Thread-0] INFO  battaglia.tpsit.client.Client - Partita iniziata contro 1
2025-04-22 21:12:36 [Thread-0] ERROR battaglia.tpsit.client.ClientHandler - Connessione al server persa
java.net.SocketException: Connection reset
	at java.base/java.net.SocketInputStream.read(SocketInputStream.java:186)
	at java.base/java.net.SocketInputStream.read(SocketInputStream.java:140)
	at java.base/sun.nio.cs.StreamDecoder.readBytes(StreamDecoder.java:295)
	at java.base/sun.nio.cs.StreamDecoder.implRead(StreamDecoder.java:337)
	at java.base/sun.nio.cs.StreamDecoder.read(StreamDecoder.java:179)
	at java.base/java.io.InputStreamReader.read(InputStreamReader.java:181)
	at java.base/java.io.BufferedReader.fill(BufferedReader.java:161)
	at java.base/java.io.BufferedReader.readLine(BufferedReader.java:326)
	at java.base/java.io.BufferedReader.readLine(BufferedReader.java:392)
	at battaglia.tpsit.client.ClientHandler.run(ClientHandler.java:43)
	at java.base/java.lang.Thread.run(Thread.java:834)
2025-04-22 21:12:36 [Thread-0] ERROR battaglia.tpsit.client.ClientHandler - Connessione al server persa
java.net.SocketException: Connection reset
	at java.base/java.net.SocketInputStream.read(SocketInputStream.java:186)
	at java.base/java.net.SocketInputStream.read(SocketInputStream.java:140)
	at java.base/sun.nio.cs.StreamDecoder.readBytes(StreamDecoder.java:295)
	at java.base/sun.nio.cs.StreamDecoder.implRead(StreamDecoder.java:337)
	at java.base/sun.nio.cs.StreamDecoder.read(StreamDecoder.java:179)
	at java.base/java.io.InputStreamReader.read(InputStreamReader.java:181)
	at java.base/java.io.BufferedReader.fill(BufferedReader.java:161)
	at java.base/java.io.BufferedReader.readLine(BufferedReader.java:326)
	at java.base/java.io.BufferedReader.readLine(BufferedReader.java:392)
	at battaglia.tpsit.client.ClientHandler.run(ClientHandler.java:43)
	at java.base/java.lang.Thread.run(Thread.java:834)
2025-04-22 21:12:36 [Thread-0] INFO  battaglia.tpsit.client.Client - Connessione chiusa
2025-04-22 21:12:36 [Thread-0] INFO  battaglia.tpsit.client.Client - Connessione chiusa
2025-04-22 21:12:51 [AWT-EventQueue-0] INFO  battaglia.tpsit.client.Client - Connessione chiusa
2025-04-22 21:12:52 [AWT-EventQueue-0] INFO  battaglia.tpsit.client.Client - Connessione chiusa
