2025-04-22 21:01:34 INFO  - Avvio del server...
2025-04-22 21:01:35 INFO  - Server avviato sulla porta 12345
2025-04-22 21:01:43 INFO  - Avvio del client...
2025-04-22 21:01:45 INFO  - Avvio del client...
2025-04-22 21:02:03 INFO  - Avvio del server...
2025-04-22 21:02:03 INFO  - Server avviato sulla porta 12345
2025-04-22 21:02:11 INFO  - Avvio del client...
2025-04-22 21:11:25 INFO  - Avvio del client...
2025-04-22 21:11:32 INFO  - Avvio del client...
2025-04-22 21:11:37 INFO  - Avvio del server...
2025-04-22 21:11:38 INFO  - Server avviato sulla porta 12345
2025-04-22 21:11:47 INFO  - Nuova connessione da /127.0.0.1
2025-04-22 21:11:47 INFO  - Client avviato e connesso al server
2025-04-22 21:11:47 INFO  - Richiesta di connessione da: 1
2025-04-22 21:11:47 INFO  - Client registrato: 1
2025-04-22 21:11:48 INFO  - In attesa di un avversario...
2025-04-22 21:11:50 INFO  - Nuova connessione da /127.0.0.1
2025-04-22 21:11:50 INFO  - Client avviato e connesso al server
2025-04-22 21:11:50 INFO  - Richiesta di connessione da: 2
2025-04-22 21:11:50 INFO  - Client registrato: 2
2025-04-22 21:11:50 INFO  - Partita iniziata contro 2
2025-04-22 21:11:50 INFO  - Nuova sessione di gioco avviata: 1 vs 2
2025-04-22 21:11:50 INFO  - Partita iniziata contro 1
2025-04-22 21:11:50 INFO  - In attesa di un avversario...
2025-04-22 21:11:51 INFO  - Mossa inviata: Sasso
2025-04-22 21:11:51 INFO  - Giocatore 1 ha scelto Sasso
2025-04-22 21:11:52 INFO  - Mossa inviata: Carta
2025-04-22 21:11:52 INFO  - Giocatore 2 ha scelto Carta
2025-04-22 21:11:52 INFO  - Risultato ricevuto: La Carta copre la Roccia
2025-04-22 21:11:52 INFO  - Risultato ricevuto: La Carta copre la Roccia
2025-04-22 21:11:54 INFO  - Giocatore 1 ha cliccato Gioca Ancora
2025-04-22 21:11:55 INFO  - Giocatore 2 ha cliccato Gioca Ancora
2025-04-22 21:11:55 INFO  - Entrambi i giocatori pronti per una nuova manche
2025-04-22 21:11:55 INFO  - Partita iniziata contro 1
2025-04-22 21:11:55 INFO  - Partita iniziata contro 2
2025-04-22 21:11:56 INFO  - Mossa inviata: Spock
2025-04-22 21:11:56 INFO  - Giocatore 1 ha scelto Spock
2025-04-22 21:11:57 INFO  - Mossa inviata: Spock
2025-04-22 21:11:57 INFO  - Giocatore 2 ha scelto Spock
2025-04-22 21:11:57 INFO  - Risultato ricevuto: Draw - Both players chose Spock
2025-04-22 21:11:57 INFO  - Risultato ricevuto: Draw - Both players chose Spock
2025-04-22 21:12:00 INFO  - Giocatore 1 ha cliccato Gioca Ancora
2025-04-22 21:12:01 INFO  - Giocatore 2 ha cliccato Gioca Ancora
2025-04-22 21:12:01 INFO  - Entrambi i giocatori pronti per una nuova manche
2025-04-22 21:12:01 INFO  - Partita iniziata contro 2
2025-04-22 21:12:01 INFO  - Partita iniziata contro 1
2025-04-22 21:12:02 INFO  - Mossa inviata: Carta
2025-04-22 21:12:02 INFO  - Giocatore 1 ha scelto Carta
2025-04-22 21:12:03 INFO  - Mossa inviata: Lucertola
2025-04-22 21:12:03 INFO  - Giocatore 2 ha scelto Lucertola
2025-04-22 21:12:03 INFO  - Risultato ricevuto: La Lucertola mangia la Carta
2025-04-22 21:12:03 INFO  - Risultato ricevuto: La Lucertola mangia la Carta
2025-04-22 21:12:06 INFO  - Giocatore 2 ha cliccato Gioca Ancora
2025-04-22 21:12:08 INFO  - Giocatore 1 ha cliccato Gioca Ancora
2025-04-22 21:12:08 INFO  - Entrambi i giocatori pronti per una nuova manche
2025-04-22 21:12:08 INFO  - Partita iniziata contro 2
2025-04-22 21:12:08 INFO  - Partita iniziata contro 1
2025-04-22 21:12:09 INFO  - Server arrestato
2025-04-22 21:12:09 INFO  - Server arrestato
2025-04-22 21:12:11 INFO  - Mossa inviata: Spock
2025-04-22 21:12:11 INFO  - Giocatore 2 ha scelto Spock
2025-04-22 21:12:12 INFO  - Mossa inviata: Carta
2025-04-22 21:12:12 INFO  - Giocatore 1 ha scelto Carta
2025-04-22 21:12:12 INFO  - Risultato ricevuto: La Carta smentisce Spock
2025-04-22 21:12:12 INFO  - Risultato ricevuto: La Carta smentisce Spock
2025-04-22 21:12:13 INFO  - Giocatore 1 ha cliccato Gioca Ancora
2025-04-22 21:12:14 INFO  - Giocatore 2 ha cliccato Gioca Ancora
2025-04-22 21:12:14 INFO  - Entrambi i giocatori pronti per una nuova manche
2025-04-22 21:12:14 INFO  - Partita iniziata contro 2
2025-04-22 21:12:14 INFO  - Partita iniziata contro 1
2025-04-22 21:12:15 INFO  - Mossa inviata: Carta
2025-04-22 21:12:15 INFO  - Giocatore 1 ha scelto Carta
2025-04-22 21:12:16 INFO  - Mossa inviata: Carta
2025-04-22 21:12:16 INFO  - Giocatore 2 ha scelto Carta
2025-04-22 21:12:16 INFO  - Risultato ricevuto: Draw - Both players chose Carta
2025-04-22 21:12:16 INFO  - Risultato ricevuto: Draw - Both players chose Carta
2025-04-22 21:12:17 INFO  - Giocatore 1 ha cliccato Gioca Ancora
2025-04-22 21:12:18 INFO  - Giocatore 2 ha cliccato Gioca Ancora
2025-04-22 21:12:18 INFO  - Entrambi i giocatori pronti per una nuova manche
2025-04-22 21:12:18 INFO  - Partita iniziata contro 2
2025-04-22 21:12:18 INFO  - Partita iniziata contro 1
2025-04-22 21:12:36 ERROR - Connessione al server persa
java.net.SocketException: Connection reset
	at java.base/java.net.SocketInputStream.read(SocketInputStream.java:186)
	at java.base/java.net.SocketInputStream.read(SocketInputStream.java:140)
	at java.base/sun.nio.cs.StreamDecoder.readBytes(StreamDecoder.java:295)
	at java.base/sun.nio.cs.StreamDecoder.implRead(StreamDecoder.java:337)
	at java.base/sun.nio.cs.StreamDecoder.read(StreamDecoder.java:179)
	at java.base/java.io.InputStreamReader.read(InputStreamReader.java:181)
	at java.base/java.io.BufferedReader.fill(BufferedReader.java:161)
	at java.base/java.io.BufferedReader.readLine(BufferedReader.java:326)
	at java.base/java.io.BufferedReader.readLine(BufferedReader.java:392)
	at battaglia.tpsit.client.ClientHandler.run(ClientHandler.java:43)
	at java.base/java.lang.Thread.run(Thread.java:834)
2025-04-22 21:12:36 ERROR - Connessione al server persa
java.net.SocketException: Connection reset
	at java.base/java.net.SocketInputStream.read(SocketInputStream.java:186)
	at java.base/java.net.SocketInputStream.read(SocketInputStream.java:140)
	at java.base/sun.nio.cs.StreamDecoder.readBytes(StreamDecoder.java:295)
	at java.base/sun.nio.cs.StreamDecoder.implRead(StreamDecoder.java:337)
	at java.base/sun.nio.cs.StreamDecoder.read(StreamDecoder.java:179)
	at java.base/java.io.InputStreamReader.read(InputStreamReader.java:181)
	at java.base/java.io.BufferedReader.fill(BufferedReader.java:161)
	at java.base/java.io.BufferedReader.readLine(BufferedReader.java:326)
	at java.base/java.io.BufferedReader.readLine(BufferedReader.java:392)
	at battaglia.tpsit.client.ClientHandler.run(ClientHandler.java:43)
	at java.base/java.lang.Thread.run(Thread.java:834)
2025-04-22 21:12:36 INFO  - Connessione chiusa
2025-04-22 21:12:36 INFO  - Connessione chiusa
2025-04-22 21:12:51 INFO  - Connessione chiusa
2025-04-22 21:12:52 INFO  - Connessione chiusa
